2024-07-26 08:07:343 INFO  HomePage :34 - get the title of the page: 
2024-07-26 08:07:405 INFO  HomePage :34 - get the title of the page: 
2024-07-26 08:07:706 INFO  HomePage :34 - get the title of the page: 
2024-07-26 08:07:764 INFO  HomePage :34 - get the title of the page: 
2024-07-26 08:07:160 INFO  HomePage :34 - get the title of the page: 
2024-07-26 08:07:191 INFO  HomePage :34 - get the title of the page: 
2024-07-26 08:07:718 INFO  HomePage :34 - get the title of the page: 
2024-07-26 08:07:749 INFO  HomePage :34 - get the title of the page: 
2024-07-26 08:07:630 INFO  HomePage :34 - get the title of the page: 
2024-07-26 08:07:666 INFO  HomePage :34 - get the title of the page: 
2024-07-26 08:07:77 INFO  HomePage :32 - get the title of the page: 
2024-07-26 08:07:108 INFO  HomePage :32 - get the title of the page: 
2024-07-26 09:07:311 INFO  HomePage :32 - get the title of the page: 
2024-07-26 09:07:464 INFO  HomePage :39 - click on cookies: [[ChromeDriver: chrome on windows (0b59c985c20a0191fdf7b78a72e7ecb9)] -> xpath: //label[normalize-space()='Necessary cookies only']]
2024-07-26 09:07:935 INFO  HomePage :44 - click on JoinNowTab: [[ChromeDriver: chrome on windows (0b59c985c20a0191fdf7b78a72e7ecb9)] -> xpath: //a[normalize-space()='Join Now']]
2024-07-26 09:07:610 INFO  HomePage :32 - get the title of the page: 
2024-07-26 09:07:920 INFO  HomePage :39 - click on cookies: [[ChromeDriver: chrome on windows (00683ea8678a4e57819deec45f93cced)] -> xpath: //label[normalize-space()='Necessary cookies only']]
2024-07-26 09:07:426 INFO  HomePage :59 - selectTopMenu: [[[ChromeDriver: chrome on windows (00683ea8678a4e57819deec45f93cced)] -> xpath: //li[@class='StyledNavigationMenuListItem-sc-v46bks-2 hRASAg']/a/span], [[ChromeDriver: chrome on windows (00683ea8678a4e57819deec45f93cced)] -> xpath: //li[@class='StyledNavigationMenuListItem-sc-v46bks-2 hRASAg']/a/span], [[ChromeDriver: chrome on windows (00683ea8678a4e57819deec45f93cced)] -> xpath: //li[@class='StyledNavigationMenuListItem-sc-v46bks-2 hRASAg']/a/span], [[ChromeDriver: chrome on windows (00683ea8678a4e57819deec45f93cced)] -> xpath: //li[@class='StyledNavigationMenuListItem-sc-v46bks-2 hRASAg']/a/span], [[ChromeDriver: chrome on windows (00683ea8678a4e57819deec45f93cced)] -> xpath: //li[@class='StyledNavigationMenuListItem-sc-v46bks-2 hRASAg']/a/span], [[ChromeDriver: chrome on windows (00683ea8678a4e57819deec45f93cced)] -> xpath: //li[@class='StyledNavigationMenuListItem-sc-v46bks-2 hRASAg']/a/span], [[ChromeDriver: chrome on windows (00683ea8678a4e57819deec45f93cced)] -> xpath: //li[@class='StyledNavigationMenuListItem-sc-v46bks-2 hRASAg']/a/span], [[ChromeDriver: chrome on windows (00683ea8678a4e57819deec45f93cced)] -> xpath: //li[@class='StyledNavigationMenuListItem-sc-v46bks-2 hRASAg']/a/span], [[ChromeDriver: chrome on windows (00683ea8678a4e57819deec45f93cced)] -> xpath: //li[@class='StyledNavigationMenuListItem-sc-v46bks-2 hRASAg']/a/span], [[ChromeDriver: chrome on windows (00683ea8678a4e57819deec45f93cced)] -> xpath: //li[@class='StyledNavigationMenuListItem-sc-v46bks-2 hRASAg']/a/span]]
2024-07-26 09:07:548 INFO  OnlineSlotsPage :19 - Get text of OnlineSlot: [[ChromeDriver: chrome on windows (00683ea8678a4e57819deec45f93cced)] -> xpath: //h1[normalize-space()='Play Online Slots at Virgin Games']]
2024-07-26 09:07:256 INFO  HomePage :32 - get the title of the page: 
2024-07-26 09:07:579 INFO  HomePage :39 - click on cookies: [[ChromeDriver: chrome on windows (7b435cf64106a9d77177f695c01c5a72)] -> xpath: //label[normalize-space()='Necessary cookies only']]
2024-07-26 09:07:116 INFO  HomePage :44 - click on JoinNowTab: [[ChromeDriver: chrome on windows (7b435cf64106a9d77177f695c01c5a72)] -> xpath: //a[normalize-space()='Join Now']]
2024-07-26 09:07:147 INFO  HomePage :32 - get the title of the page: 
2024-07-26 09:07:410 INFO  HomePage :39 - click on cookies: [[ChromeDriver: chrome on windows (9a794f7ebce517687397a6635a4e08ce)] -> xpath: //label[normalize-space()='Necessary cookies only']]
2024-07-26 09:07:831 INFO  HomePage :59 - selectTopMenu: [[[ChromeDriver: chrome on windows (9a794f7ebce517687397a6635a4e08ce)] -> xpath: //li[@class='StyledNavigationMenuListItem-sc-v46bks-2 hRASAg']/a/span], [[ChromeDriver: chrome on windows (9a794f7ebce517687397a6635a4e08ce)] -> xpath: //li[@class='StyledNavigationMenuListItem-sc-v46bks-2 hRASAg']/a/span], [[ChromeDriver: chrome on windows (9a794f7ebce517687397a6635a4e08ce)] -> xpath: //li[@class='StyledNavigationMenuListItem-sc-v46bks-2 hRASAg']/a/span], [[ChromeDriver: chrome on windows (9a794f7ebce517687397a6635a4e08ce)] -> xpath: //li[@class='StyledNavigationMenuListItem-sc-v46bks-2 hRASAg']/a/span], [[ChromeDriver: chrome on windows (9a794f7ebce517687397a6635a4e08ce)] -> xpath: //li[@class='StyledNavigationMenuListItem-sc-v46bks-2 hRASAg']/a/span], [[ChromeDriver: chrome on windows (9a794f7ebce517687397a6635a4e08ce)] -> xpath: //li[@class='StyledNavigationMenuListItem-sc-v46bks-2 hRASAg']/a/span], [[ChromeDriver: chrome on windows (9a794f7ebce517687397a6635a4e08ce)] -> xpath: //li[@class='StyledNavigationMenuListItem-sc-v46bks-2 hRASAg']/a/span], [[ChromeDriver: chrome on windows (9a794f7ebce517687397a6635a4e08ce)] -> xpath: //li[@class='StyledNavigationMenuListItem-sc-v46bks-2 hRASAg']/a/span], [[ChromeDriver: chrome on windows (9a794f7ebce517687397a6635a4e08ce)] -> xpath: //li[@class='StyledNavigationMenuListItem-sc-v46bks-2 hRASAg']/a/span], [[ChromeDriver: chrome on windows (9a794f7ebce517687397a6635a4e08ce)] -> xpath: //li[@class='StyledNavigationMenuListItem-sc-v46bks-2 hRASAg']/a/span]]
2024-07-26 09:07:39 INFO  OnlineSlotsPage :19 - Get text of OnlineSlot: [[ChromeDriver: chrome on windows (9a794f7ebce517687397a6635a4e08ce)] -> xpath: //h1[normalize-space()='Play Online Slots at Virgin Games']]
2024-07-26 19:07:717 INFO  HomePage :32 - get the title of the page: 
2024-07-26 19:07:947 INFO  HomePage :39 - click on cookies: [[ChromeDriver: chrome on windows (673a436a9b03e7886300d0239936fa56)] -> xpath: //label[normalize-space()='Necessary cookies only']]
2024-07-26 19:07:390 INFO  HomePage :44 - click on JoinNowTab: [[ChromeDriver: chrome on windows (673a436a9b03e7886300d0239936fa56)] -> xpath: //a[normalize-space()='Join Now']]
2024-07-26 19:07:240 INFO  HomePage :32 - get the title of the page: 
2024-07-26 19:07:389 INFO  HomePage :39 - click on cookies: [[ChromeDriver: chrome on windows (5c0c4db4295a4abdaa98b645e79511fd)] -> xpath: //label[normalize-space()='Necessary cookies only']]
2024-07-26 19:07:532 INFO  HomePage :59 - selectTopMenu: [[[ChromeDriver: chrome on windows (5c0c4db4295a4abdaa98b645e79511fd)] -> xpath: //li[@class='StyledNavigationMenuListItem-sc-v46bks-2 hRASAg']/a/span], [[ChromeDriver: chrome on windows (5c0c4db4295a4abdaa98b645e79511fd)] -> xpath: //li[@class='StyledNavigationMenuListItem-sc-v46bks-2 hRASAg']/a/span], [[ChromeDriver: chrome on windows (5c0c4db4295a4abdaa98b645e79511fd)] -> xpath: //li[@class='StyledNavigationMenuListItem-sc-v46bks-2 hRASAg']/a/span], [[ChromeDriver: chrome on windows (5c0c4db4295a4abdaa98b645e79511fd)] -> xpath: //li[@class='StyledNavigationMenuListItem-sc-v46bks-2 hRASAg']/a/span], [[ChromeDriver: chrome on windows (5c0c4db4295a4abdaa98b645e79511fd)] -> xpath: //li[@class='StyledNavigationMenuListItem-sc-v46bks-2 hRASAg']/a/span], [[ChromeDriver: chrome on windows (5c0c4db4295a4abdaa98b645e79511fd)] -> xpath: //li[@class='StyledNavigationMenuListItem-sc-v46bks-2 hRASAg']/a/span], [[ChromeDriver: chrome on windows (5c0c4db4295a4abdaa98b645e79511fd)] -> xpath: //li[@class='StyledNavigationMenuListItem-sc-v46bks-2 hRASAg']/a/span], [[ChromeDriver: chrome on windows (5c0c4db4295a4abdaa98b645e79511fd)] -> xpath: //li[@class='StyledNavigationMenuListItem-sc-v46bks-2 hRASAg']/a/span], [[ChromeDriver: chrome on windows (5c0c4db4295a4abdaa98b645e79511fd)] -> xpath: //li[@class='StyledNavigationMenuListItem-sc-v46bks-2 hRASAg']/a/span], [[ChromeDriver: chrome on windows (5c0c4db4295a4abdaa98b645e79511fd)] -> xpath: //li[@class='StyledNavigationMenuListItem-sc-v46bks-2 hRASAg']/a/span]]
2024-07-26 19:07:653 INFO  OnlineSlotsPage :19 - Get text of OnlineSlot: [[ChromeDriver: chrome on windows (5c0c4db4295a4abdaa98b645e79511fd)] -> xpath: //h1[normalize-space()='Play Online Slots at Virgin Games']]
2024-07-27 08:07:654 INFO  HomePage :32 - get the title of the page: 
2024-07-27 08:07:730 INFO  HomePage :39 - click on cookies: [[ChromeDriver: chrome on windows (5fc491d9b057aba5e3b32052cf62203b)] -> xpath: //label[normalize-space()='Necessary cookies only']]
2024-07-27 08:07:947 INFO  HomePage :44 - click on JoinNowTab: [[ChromeDriver: chrome on windows (5fc491d9b057aba5e3b32052cf62203b)] -> xpath: //a[normalize-space()='Join Now']]
2024-07-27 08:07:738 INFO  HomePage :32 - get the title of the page: 
2024-07-27 08:07:802 INFO  HomePage :39 - click on cookies: [[ChromeDriver: chrome on windows (1617a1466b056d725ece156d4f502176)] -> xpath: //label[normalize-space()='Necessary cookies only']]
2024-07-27 08:07:881 INFO  HomePage :59 - selectTopMenu: [[[ChromeDriver: chrome on windows (1617a1466b056d725ece156d4f502176)] -> xpath: //li[@class='StyledNavigationMenuListItem-sc-v46bks-2 hRASAg']/a/span], [[ChromeDriver: chrome on windows (1617a1466b056d725ece156d4f502176)] -> xpath: //li[@class='StyledNavigationMenuListItem-sc-v46bks-2 hRASAg']/a/span], [[ChromeDriver: chrome on windows (1617a1466b056d725ece156d4f502176)] -> xpath: //li[@class='StyledNavigationMenuListItem-sc-v46bks-2 hRASAg']/a/span], [[ChromeDriver: chrome on windows (1617a1466b056d725ece156d4f502176)] -> xpath: //li[@class='StyledNavigationMenuListItem-sc-v46bks-2 hRASAg']/a/span], [[ChromeDriver: chrome on windows (1617a1466b056d725ece156d4f502176)] -> xpath: //li[@class='StyledNavigationMenuListItem-sc-v46bks-2 hRASAg']/a/span], [[ChromeDriver: chrome on windows (1617a1466b056d725ece156d4f502176)] -> xpath: //li[@class='StyledNavigationMenuListItem-sc-v46bks-2 hRASAg']/a/span], [[ChromeDriver: chrome on windows (1617a1466b056d725ece156d4f502176)] -> xpath: //li[@class='StyledNavigationMenuListItem-sc-v46bks-2 hRASAg']/a/span], [[ChromeDriver: chrome on windows (1617a1466b056d725ece156d4f502176)] -> xpath: //li[@class='StyledNavigationMenuListItem-sc-v46bks-2 hRASAg']/a/span], [[ChromeDriver: chrome on windows (1617a1466b056d725ece156d4f502176)] -> xpath: //li[@class='StyledNavigationMenuListItem-sc-v46bks-2 hRASAg']/a/span], [[ChromeDriver: chrome on windows (1617a1466b056d725ece156d4f502176)] -> xpath: //li[@class='StyledNavigationMenuListItem-sc-v46bks-2 hRASAg']/a/span]]
2024-07-27 08:07:159 INFO  OnlineSlotsPage :19 - Get text of OnlineSlot: [[ChromeDriver: chrome on windows (1617a1466b056d725ece156d4f502176)] -> xpath: //h1[normalize-space()='Play Online Slots at Virgin Games']]
